<?xml version="1.0" encoding="UTF-8"?>
<testsuite xmlns:xsi="http://www.w3.org/2001/XMLSchema-instance" xsi:noNamespaceSchemaLocation="https://maven.apache.org/surefire/maven-surefire-plugin/xsd/surefire-test-report-3.0.xsd" version="3.0" name="TestSuite" time="82.209" tests="4" errors="0" skipped="0" failures="1">
  <properties>
    <property name="sun.desktop" value="windows"/>
    <property name="awt.toolkit" value="sun.awt.windows.WToolkit"/>
    <property name="java.specification.version" value="11"/>
    <property name="webdriver.chrome.driver" value="C:\Users\SERVER\eclipse-workspace\e2eProject\src\main\resources\driver\chromedriver.exe"/>
    <property name="sun.cpu.isalist" value="amd64"/>
    <property name="sun.jnu.encoding" value="Cp1252"/>
    <property name="java.class.path" value="C:\Users\SERVER\eclipse-workspace\e2eProject\target\test-classes;C:\Users\SERVER\eclipse-workspace\e2eProject\target\classes;C:\Users\SERVER\.m2\repository\commons-io\commons-io\2.6\commons-io-2.6.jar;C:\Users\SERVER\.m2\repository\com\aventstack\extentreports\5.0.8\extentreports-5.0.8.jar;C:\Users\SERVER\.m2\repository\io\reactivex\rxjava3\rxjava\3.0.4\rxjava-3.0.4.jar;C:\Users\SERVER\.m2\repository\org\reactivestreams\reactive-streams\1.0.3\reactive-streams-1.0.3.jar;C:\Users\SERVER\.m2\repository\org\freemarker\freemarker\2.3.30\freemarker-2.3.30.jar;C:\Users\SERVER\.m2\repository\org\projectlombok\lombok\1.18.12\lombok-1.18.12.jar;C:\Users\SERVER\.m2\repository\com\google\code\gson\gson\2.8.6\gson-2.8.6.jar;C:\Users\SERVER\.m2\repository\junit\junit\4.11\junit-4.11.jar;C:\Users\SERVER\.m2\repository\org\hamcrest\hamcrest-core\1.3\hamcrest-core-1.3.jar;C:\Users\SERVER\.m2\repository\org\seleniumhq\selenium\selenium-java\4.0.0-beta-4\selenium-java-4.0.0-beta-4.jar;C:\Users\SERVER\.m2\repository\org\seleniumhq\selenium\selenium-api\4.0.0-beta-4\selenium-api-4.0.0-beta-4.jar;C:\Users\SERVER\.m2\repository\org\seleniumhq\selenium\selenium-chrome-driver\4.0.0-beta-4\selenium-chrome-driver-4.0.0-beta-4.jar;C:\Users\SERVER\.m2\repository\com\google\auto\service\auto-service-annotations\1.0\auto-service-annotations-1.0.jar;C:\Users\SERVER\.m2\repository\com\google\auto\service\auto-service\1.0\auto-service-1.0.jar;C:\Users\SERVER\.m2\repository\com\google\auto\auto-common\1.0\auto-common-1.0.jar;C:\Users\SERVER\.m2\repository\com\google\guava\guava\30.1.1-jre\guava-30.1.1-jre.jar;C:\Users\SERVER\.m2\repository\com\google\guava\failureaccess\1.0.1\failureaccess-1.0.1.jar;C:\Users\SERVER\.m2\repository\com\google\guava\listenablefuture\9999.0-empty-to-avoid-conflict-with-guava\listenablefuture-9999.0-empty-to-avoid-conflict-with-guava.jar;C:\Users\SERVER\.m2\repository\com\google\code\findbugs\jsr305\3.0.2\jsr305-3.0.2.jar;C:\Users\SERVER\.m2\repository\org\checkerframework\checker-qual\3.8.0\checker-qual-3.8.0.jar;C:\Users\SERVER\.m2\repository\com\google\errorprone\error_prone_annotations\2.5.1\error_prone_annotations-2.5.1.jar;C:\Users\SERVER\.m2\repository\com\google\j2objc\j2objc-annotations\1.3\j2objc-annotations-1.3.jar;C:\Users\SERVER\.m2\repository\org\seleniumhq\selenium\selenium-chromium-driver\4.0.0-beta-4\selenium-chromium-driver-4.0.0-beta-4.jar;C:\Users\SERVER\.m2\repository\org\seleniumhq\selenium\selenium-devtools\4.0.0-beta-4\selenium-devtools-4.0.0-beta-4.jar;C:\Users\SERVER\.m2\repository\org\seleniumhq\selenium\selenium-http\4.0.0-beta-4\selenium-http-4.0.0-beta-4.jar;C:\Users\SERVER\.m2\repository\org\seleniumhq\selenium\selenium-json\4.0.0-beta-4\selenium-json-4.0.0-beta-4.jar;C:\Users\SERVER\.m2\repository\org\seleniumhq\selenium\selenium-devtools-v85\4.0.0-beta-4\selenium-devtools-v85-4.0.0-beta-4.jar;C:\Users\SERVER\.m2\repository\org\seleniumhq\selenium\selenium-devtools-v88\4.0.0-beta-4\selenium-devtools-v88-4.0.0-beta-4.jar;C:\Users\SERVER\.m2\repository\org\seleniumhq\selenium\selenium-devtools-v89\4.0.0-beta-4\selenium-devtools-v89-4.0.0-beta-4.jar;C:\Users\SERVER\.m2\repository\org\seleniumhq\selenium\selenium-devtools-v90\4.0.0-beta-4\selenium-devtools-v90-4.0.0-beta-4.jar;C:\Users\SERVER\.m2\repository\org\seleniumhq\selenium\selenium-devtools-v91\4.0.0-beta-4\selenium-devtools-v91-4.0.0-beta-4.jar;C:\Users\SERVER\.m2\repository\org\seleniumhq\selenium\selenium-edge-driver\4.0.0-beta-4\selenium-edge-driver-4.0.0-beta-4.jar;C:\Users\SERVER\.m2\repository\org\seleniumhq\selenium\selenium-firefox-driver\4.0.0-beta-4\selenium-firefox-driver-4.0.0-beta-4.jar;C:\Users\SERVER\.m2\repository\org\seleniumhq\selenium\selenium-firefox-xpi-driver\4.0.0-beta-4\selenium-firefox-xpi-driver-4.0.0-beta-4.jar;C:\Users\SERVER\.m2\repository\org\seleniumhq\selenium\selenium-ie-driver\4.0.0-beta-4\selenium-ie-driver-4.0.0-beta-4.jar;C:\Users\SERVER\.m2\repository\org\seleniumhq\selenium\selenium-opera-driver\4.0.0-beta-4\selenium-opera-driver-4.0.0-beta-4.jar;C:\Users\SERVER\.m2\repository\org\seleniumhq\selenium\selenium-remote-driver\4.0.0-beta-4\selenium-remote-driver-4.0.0-beta-4.jar;C:\Users\SERVER\.m2\repository\io\netty\netty-buffer\4.1.63.Final\netty-buffer-4.1.63.Final.jar;C:\Users\SERVER\.m2\repository\io\netty\netty-codec-http\4.1.63.Final\netty-codec-http-4.1.63.Final.jar;C:\Users\SERVER\.m2\repository\io\netty\netty-codec\4.1.63.Final\netty-codec-4.1.63.Final.jar;C:\Users\SERVER\.m2\repository\io\netty\netty-handler\4.1.63.Final\netty-handler-4.1.63.Final.jar;C:\Users\SERVER\.m2\repository\io\netty\netty-common\4.1.63.Final\netty-common-4.1.63.Final.jar;C:\Users\SERVER\.m2\repository\io\netty\netty-transport-native-epoll\4.1.63.Final\netty-transport-native-epoll-4.1.63.Final.jar;C:\Users\SERVER\.m2\repository\io\netty\netty-transport-native-kqueue\4.1.63.Final\netty-transport-native-kqueue-4.1.63.Final.jar;C:\Users\SERVER\.m2\repository\io\netty\netty-transport-native-unix-common\4.1.63.Final\netty-transport-native-unix-common-4.1.63.Final.jar;C:\Users\SERVER\.m2\repository\io\netty\netty-transport\4.1.63.Final\netty-transport-4.1.63.Final.jar;C:\Users\SERVER\.m2\repository\io\netty\netty-resolver\4.1.63.Final\netty-resolver-4.1.63.Final.jar;C:\Users\SERVER\.m2\repository\io\opentelemetry\opentelemetry-api\1.2.0\opentelemetry-api-1.2.0.jar;C:\Users\SERVER\.m2\repository\io\opentelemetry\opentelemetry-context\1.2.0\opentelemetry-context-1.2.0.jar;C:\Users\SERVER\.m2\repository\io\opentelemetry\opentelemetry-exporter-logging\1.2.0\opentelemetry-exporter-logging-1.2.0.jar;C:\Users\SERVER\.m2\repository\io\opentelemetry\opentelemetry-sdk-metrics\1.2.0-alpha\opentelemetry-sdk-metrics-1.2.0-alpha.jar;C:\Users\SERVER\.m2\repository\io\opentelemetry\opentelemetry-sdk-common\1.2.0\opentelemetry-sdk-common-1.2.0.jar;C:\Users\SERVER\.m2\repository\io\opentelemetry\opentelemetry-sdk-extension-autoconfigure\1.2.0-alpha\opentelemetry-sdk-extension-autoconfigure-1.2.0-alpha.jar;C:\Users\SERVER\.m2\repository\io\opentelemetry\opentelemetry-sdk-trace\1.2.0\opentelemetry-sdk-trace-1.2.0.jar;C:\Users\SERVER\.m2\repository\io\opentelemetry\opentelemetry-api-metrics\1.2.0-alpha\opentelemetry-api-metrics-1.2.0-alpha.jar;C:\Users\SERVER\.m2\repository\io\opentelemetry\opentelemetry-sdk\1.2.0\opentelemetry-sdk-1.2.0.jar;C:\Users\SERVER\.m2\repository\io\opentelemetry\opentelemetry-semconv\1.2.0-alpha\opentelemetry-semconv-1.2.0-alpha.jar;C:\Users\SERVER\.m2\repository\io\ous\jtoml\2.0.0\jtoml-2.0.0.jar;C:\Users\SERVER\.m2\repository\net\bytebuddy\byte-buddy\1.11.0\byte-buddy-1.11.0.jar;C:\Users\SERVER\.m2\repository\org\apache\commons\commons-exec\1.3\commons-exec-1.3.jar;C:\Users\SERVER\.m2\repository\org\asynchttpclient\async-http-client\2.12.3\async-http-client-2.12.3.jar;C:\Users\SERVER\.m2\repository\org\asynchttpclient\async-http-client-netty-utils\2.12.3\async-http-client-netty-utils-2.12.3.jar;C:\Users\SERVER\.m2\repository\io\netty\netty-codec-socks\4.1.60.Final\netty-codec-socks-4.1.60.Final.jar;C:\Users\SERVER\.m2\repository\io\netty\netty-handler-proxy\4.1.60.Final\netty-handler-proxy-4.1.60.Final.jar;C:\Users\SERVER\.m2\repository\io\netty\netty-transport-native-epoll\4.1.60.Final\netty-transport-native-epoll-4.1.60.Final-linux-x86_64.jar;C:\Users\SERVER\.m2\repository\io\netty\netty-transport-native-kqueue\4.1.60.Final\netty-transport-native-kqueue-4.1.60.Final-osx-x86_64.jar;C:\Users\SERVER\.m2\repository\com\typesafe\netty\netty-reactive-streams\2.0.4\netty-reactive-streams-2.0.4.jar;C:\Users\SERVER\.m2\repository\org\slf4j\slf4j-api\1.7.30\slf4j-api-1.7.30.jar;C:\Users\SERVER\.m2\repository\com\sun\activation\jakarta.activation\1.2.2\jakarta.activation-1.2.2.jar;C:\Users\SERVER\.m2\repository\org\seleniumhq\selenium\selenium-safari-driver\4.0.0-beta-4\selenium-safari-driver-4.0.0-beta-4.jar;C:\Users\SERVER\.m2\repository\org\seleniumhq\selenium\selenium-support\4.0.0-beta-4\selenium-support-4.0.0-beta-4.jar;C:\Users\SERVER\.m2\repository\org\testng\testng\7.3.0\testng-7.3.0.jar;C:\Users\SERVER\.m2\repository\com\beust\jcommander\1.78\jcommander-1.78.jar;C:\Users\SERVER\.m2\repository\org\apache\ant\ant\1.10.3\ant-1.10.3.jar;C:\Users\SERVER\.m2\repository\org\apache\ant\ant-launcher\1.10.3\ant-launcher-1.10.3.jar;C:\Users\SERVER\.m2\repository\com\google\inject\guice\4.2.2\guice-4.2.2-no_aop.jar;C:\Users\SERVER\.m2\repository\javax\inject\javax.inject\1\javax.inject-1.jar;C:\Users\SERVER\.m2\repository\aopalliance\aopalliance\1.0\aopalliance-1.0.jar;C:\Users\SERVER\.m2\repository\org\yaml\snakeyaml\1.21\snakeyaml-1.21.jar;C:\Users\SERVER\.m2\repository\org\apache\logging\log4j\log4j-api\2.14.1\log4j-api-2.14.1.jar;C:\Users\SERVER\.m2\repository\org\apache\logging\log4j\log4j-core\2.14.1\log4j-core-2.14.1.jar;"/>
    <property name="java.vm.vendor" value="Oracle Corporation"/>
    <property name="sun.arch.data.model" value="64"/>
    <property name="user.variant" value=""/>
    <property name="java.vendor.url" value="http://java.oracle.com/"/>
    <property name="user.timezone" value="Asia/Calcutta"/>
    <property name="java.vm.specification.version" value="11"/>
    <property name="os.name" value="Windows 10"/>
    <property name="sun.java.launcher" value="SUN_STANDARD"/>
    <property name="user.country" value="IN"/>
    <property name="sun.boot.library.path" value="C:\OpenJDK_11\bin"/>
    <property name="sun.java.command" value="C:\Users\SERVER\AppData\Local\Temp\surefire2013183862498549095\surefirebooter7219506652086554561.jar C:\Users\SERVER\AppData\Local\Temp\surefire2013183862498549095 2021-07-09T14-02-58_276-jvmRun1 surefire10906745470682293712tmp surefire_06941603411446573261tmp"/>
    <property name="jdk.debug" value="release"/>
    <property name="surefire.test.class.path" value="C:\Users\SERVER\eclipse-workspace\e2eProject\target\test-classes;C:\Users\SERVER\eclipse-workspace\e2eProject\target\classes;C:\Users\SERVER\.m2\repository\commons-io\commons-io\2.6\commons-io-2.6.jar;C:\Users\SERVER\.m2\repository\com\aventstack\extentreports\5.0.8\extentreports-5.0.8.jar;C:\Users\SERVER\.m2\repository\io\reactivex\rxjava3\rxjava\3.0.4\rxjava-3.0.4.jar;C:\Users\SERVER\.m2\repository\org\reactivestreams\reactive-streams\1.0.3\reactive-streams-1.0.3.jar;C:\Users\SERVER\.m2\repository\org\freemarker\freemarker\2.3.30\freemarker-2.3.30.jar;C:\Users\SERVER\.m2\repository\org\projectlombok\lombok\1.18.12\lombok-1.18.12.jar;C:\Users\SERVER\.m2\repository\com\google\code\gson\gson\2.8.6\gson-2.8.6.jar;C:\Users\SERVER\.m2\repository\junit\junit\4.11\junit-4.11.jar;C:\Users\SERVER\.m2\repository\org\hamcrest\hamcrest-core\1.3\hamcrest-core-1.3.jar;C:\Users\SERVER\.m2\repository\org\seleniumhq\selenium\selenium-java\4.0.0-beta-4\selenium-java-4.0.0-beta-4.jar;C:\Users\SERVER\.m2\repository\org\seleniumhq\selenium\selenium-api\4.0.0-beta-4\selenium-api-4.0.0-beta-4.jar;C:\Users\SERVER\.m2\repository\org\seleniumhq\selenium\selenium-chrome-driver\4.0.0-beta-4\selenium-chrome-driver-4.0.0-beta-4.jar;C:\Users\SERVER\.m2\repository\com\google\auto\service\auto-service-annotations\1.0\auto-service-annotations-1.0.jar;C:\Users\SERVER\.m2\repository\com\google\auto\service\auto-service\1.0\auto-service-1.0.jar;C:\Users\SERVER\.m2\repository\com\google\auto\auto-common\1.0\auto-common-1.0.jar;C:\Users\SERVER\.m2\repository\com\google\guava\guava\30.1.1-jre\guava-30.1.1-jre.jar;C:\Users\SERVER\.m2\repository\com\google\guava\failureaccess\1.0.1\failureaccess-1.0.1.jar;C:\Users\SERVER\.m2\repository\com\google\guava\listenablefuture\9999.0-empty-to-avoid-conflict-with-guava\listenablefuture-9999.0-empty-to-avoid-conflict-with-guava.jar;C:\Users\SERVER\.m2\repository\com\google\code\findbugs\jsr305\3.0.2\jsr305-3.0.2.jar;C:\Users\SERVER\.m2\repository\org\checkerframework\checker-qual\3.8.0\checker-qual-3.8.0.jar;C:\Users\SERVER\.m2\repository\com\google\errorprone\error_prone_annotations\2.5.1\error_prone_annotations-2.5.1.jar;C:\Users\SERVER\.m2\repository\com\google\j2objc\j2objc-annotations\1.3\j2objc-annotations-1.3.jar;C:\Users\SERVER\.m2\repository\org\seleniumhq\selenium\selenium-chromium-driver\4.0.0-beta-4\selenium-chromium-driver-4.0.0-beta-4.jar;C:\Users\SERVER\.m2\repository\org\seleniumhq\selenium\selenium-devtools\4.0.0-beta-4\selenium-devtools-4.0.0-beta-4.jar;C:\Users\SERVER\.m2\repository\org\seleniumhq\selenium\selenium-http\4.0.0-beta-4\selenium-http-4.0.0-beta-4.jar;C:\Users\SERVER\.m2\repository\org\seleniumhq\selenium\selenium-json\4.0.0-beta-4\selenium-json-4.0.0-beta-4.jar;C:\Users\SERVER\.m2\repository\org\seleniumhq\selenium\selenium-devtools-v85\4.0.0-beta-4\selenium-devtools-v85-4.0.0-beta-4.jar;C:\Users\SERVER\.m2\repository\org\seleniumhq\selenium\selenium-devtools-v88\4.0.0-beta-4\selenium-devtools-v88-4.0.0-beta-4.jar;C:\Users\SERVER\.m2\repository\org\seleniumhq\selenium\selenium-devtools-v89\4.0.0-beta-4\selenium-devtools-v89-4.0.0-beta-4.jar;C:\Users\SERVER\.m2\repository\org\seleniumhq\selenium\selenium-devtools-v90\4.0.0-beta-4\selenium-devtools-v90-4.0.0-beta-4.jar;C:\Users\SERVER\.m2\repository\org\seleniumhq\selenium\selenium-devtools-v91\4.0.0-beta-4\selenium-devtools-v91-4.0.0-beta-4.jar;C:\Users\SERVER\.m2\repository\org\seleniumhq\selenium\selenium-edge-driver\4.0.0-beta-4\selenium-edge-driver-4.0.0-beta-4.jar;C:\Users\SERVER\.m2\repository\org\seleniumhq\selenium\selenium-firefox-driver\4.0.0-beta-4\selenium-firefox-driver-4.0.0-beta-4.jar;C:\Users\SERVER\.m2\repository\org\seleniumhq\selenium\selenium-firefox-xpi-driver\4.0.0-beta-4\selenium-firefox-xpi-driver-4.0.0-beta-4.jar;C:\Users\SERVER\.m2\repository\org\seleniumhq\selenium\selenium-ie-driver\4.0.0-beta-4\selenium-ie-driver-4.0.0-beta-4.jar;C:\Users\SERVER\.m2\repository\org\seleniumhq\selenium\selenium-opera-driver\4.0.0-beta-4\selenium-opera-driver-4.0.0-beta-4.jar;C:\Users\SERVER\.m2\repository\org\seleniumhq\selenium\selenium-remote-driver\4.0.0-beta-4\selenium-remote-driver-4.0.0-beta-4.jar;C:\Users\SERVER\.m2\repository\io\netty\netty-buffer\4.1.63.Final\netty-buffer-4.1.63.Final.jar;C:\Users\SERVER\.m2\repository\io\netty\netty-codec-http\4.1.63.Final\netty-codec-http-4.1.63.Final.jar;C:\Users\SERVER\.m2\repository\io\netty\netty-codec\4.1.63.Final\netty-codec-4.1.63.Final.jar;C:\Users\SERVER\.m2\repository\io\netty\netty-handler\4.1.63.Final\netty-handler-4.1.63.Final.jar;C:\Users\SERVER\.m2\repository\io\netty\netty-common\4.1.63.Final\netty-common-4.1.63.Final.jar;C:\Users\SERVER\.m2\repository\io\netty\netty-transport-native-epoll\4.1.63.Final\netty-transport-native-epoll-4.1.63.Final.jar;C:\Users\SERVER\.m2\repository\io\netty\netty-transport-native-kqueue\4.1.63.Final\netty-transport-native-kqueue-4.1.63.Final.jar;C:\Users\SERVER\.m2\repository\io\netty\netty-transport-native-unix-common\4.1.63.Final\netty-transport-native-unix-common-4.1.63.Final.jar;C:\Users\SERVER\.m2\repository\io\netty\netty-transport\4.1.63.Final\netty-transport-4.1.63.Final.jar;C:\Users\SERVER\.m2\repository\io\netty\netty-resolver\4.1.63.Final\netty-resolver-4.1.63.Final.jar;C:\Users\SERVER\.m2\repository\io\opentelemetry\opentelemetry-api\1.2.0\opentelemetry-api-1.2.0.jar;C:\Users\SERVER\.m2\repository\io\opentelemetry\opentelemetry-context\1.2.0\opentelemetry-context-1.2.0.jar;C:\Users\SERVER\.m2\repository\io\opentelemetry\opentelemetry-exporter-logging\1.2.0\opentelemetry-exporter-logging-1.2.0.jar;C:\Users\SERVER\.m2\repository\io\opentelemetry\opentelemetry-sdk-metrics\1.2.0-alpha\opentelemetry-sdk-metrics-1.2.0-alpha.jar;C:\Users\SERVER\.m2\repository\io\opentelemetry\opentelemetry-sdk-common\1.2.0\opentelemetry-sdk-common-1.2.0.jar;C:\Users\SERVER\.m2\repository\io\opentelemetry\opentelemetry-sdk-extension-autoconfigure\1.2.0-alpha\opentelemetry-sdk-extension-autoconfigure-1.2.0-alpha.jar;C:\Users\SERVER\.m2\repository\io\opentelemetry\opentelemetry-sdk-trace\1.2.0\opentelemetry-sdk-trace-1.2.0.jar;C:\Users\SERVER\.m2\repository\io\opentelemetry\opentelemetry-api-metrics\1.2.0-alpha\opentelemetry-api-metrics-1.2.0-alpha.jar;C:\Users\SERVER\.m2\repository\io\opentelemetry\opentelemetry-sdk\1.2.0\opentelemetry-sdk-1.2.0.jar;C:\Users\SERVER\.m2\repository\io\opentelemetry\opentelemetry-semconv\1.2.0-alpha\opentelemetry-semconv-1.2.0-alpha.jar;C:\Users\SERVER\.m2\repository\io\ous\jtoml\2.0.0\jtoml-2.0.0.jar;C:\Users\SERVER\.m2\repository\net\bytebuddy\byte-buddy\1.11.0\byte-buddy-1.11.0.jar;C:\Users\SERVER\.m2\repository\org\apache\commons\commons-exec\1.3\commons-exec-1.3.jar;C:\Users\SERVER\.m2\repository\org\asynchttpclient\async-http-client\2.12.3\async-http-client-2.12.3.jar;C:\Users\SERVER\.m2\repository\org\asynchttpclient\async-http-client-netty-utils\2.12.3\async-http-client-netty-utils-2.12.3.jar;C:\Users\SERVER\.m2\repository\io\netty\netty-codec-socks\4.1.60.Final\netty-codec-socks-4.1.60.Final.jar;C:\Users\SERVER\.m2\repository\io\netty\netty-handler-proxy\4.1.60.Final\netty-handler-proxy-4.1.60.Final.jar;C:\Users\SERVER\.m2\repository\io\netty\netty-transport-native-epoll\4.1.60.Final\netty-transport-native-epoll-4.1.60.Final-linux-x86_64.jar;C:\Users\SERVER\.m2\repository\io\netty\netty-transport-native-kqueue\4.1.60.Final\netty-transport-native-kqueue-4.1.60.Final-osx-x86_64.jar;C:\Users\SERVER\.m2\repository\com\typesafe\netty\netty-reactive-streams\2.0.4\netty-reactive-streams-2.0.4.jar;C:\Users\SERVER\.m2\repository\org\slf4j\slf4j-api\1.7.30\slf4j-api-1.7.30.jar;C:\Users\SERVER\.m2\repository\com\sun\activation\jakarta.activation\1.2.2\jakarta.activation-1.2.2.jar;C:\Users\SERVER\.m2\repository\org\seleniumhq\selenium\selenium-safari-driver\4.0.0-beta-4\selenium-safari-driver-4.0.0-beta-4.jar;C:\Users\SERVER\.m2\repository\org\seleniumhq\selenium\selenium-support\4.0.0-beta-4\selenium-support-4.0.0-beta-4.jar;C:\Users\SERVER\.m2\repository\org\testng\testng\7.3.0\testng-7.3.0.jar;C:\Users\SERVER\.m2\repository\com\beust\jcommander\1.78\jcommander-1.78.jar;C:\Users\SERVER\.m2\repository\org\apache\ant\ant\1.10.3\ant-1.10.3.jar;C:\Users\SERVER\.m2\repository\org\apache\ant\ant-launcher\1.10.3\ant-launcher-1.10.3.jar;C:\Users\SERVER\.m2\repository\com\google\inject\guice\4.2.2\guice-4.2.2-no_aop.jar;C:\Users\SERVER\.m2\repository\javax\inject\javax.inject\1\javax.inject-1.jar;C:\Users\SERVER\.m2\repository\aopalliance\aopalliance\1.0\aopalliance-1.0.jar;C:\Users\SERVER\.m2\repository\org\yaml\snakeyaml\1.21\snakeyaml-1.21.jar;C:\Users\SERVER\.m2\repository\org\apache\logging\log4j\log4j-api\2.14.1\log4j-api-2.14.1.jar;C:\Users\SERVER\.m2\repository\org\apache\logging\log4j\log4j-core\2.14.1\log4j-core-2.14.1.jar;"/>
    <property name="sun.cpu.endian" value="little"/>
    <property name="user.home" value="C:\Users\SERVER"/>
    <property name="user.language" value="en"/>
    <property name="java.specification.vendor" value="Oracle Corporation"/>
    <property name="java.version.date" value="2018-09-25"/>
    <property name="java.home" value="C:\OpenJDK_11"/>
    <property name="file.separator" value="\"/>
    <property name="basedir" value="C:\Users\SERVER\eclipse-workspace\e2eProject"/>
    <property name="java.vm.compressedOopsMode" value="Zero based"/>
    <property name="line.separator" value="&#10;"/>
    <property name="java.specification.name" value="Java Platform API Specification"/>
    <property name="java.vm.specification.vendor" value="Oracle Corporation"/>
    <property name="java.awt.graphicsenv" value="sun.awt.Win32GraphicsEnvironment"/>
    <property name="surefire.real.class.path" value="C:\Users\SERVER\AppData\Local\Temp\surefire2013183862498549095\surefirebooter7219506652086554561.jar"/>
    <property name="user.script" value=""/>
    <property name="sun.management.compiler" value="HotSpot 64-Bit Tiered Compilers"/>
    <property name="java.runtime.version" value="11+28"/>
    <property name="user.name" value="SERVER"/>
    <property name="path.separator" value=";"/>
    <property name="os.version" value="10.0"/>
    <property name="java.runtime.name" value="OpenJDK Runtime Environment"/>
    <property name="file.encoding" value="Cp1252"/>
    <property name="sun.nio.ch.bugLevel" value=""/>
    <property name="java.vm.name" value="OpenJDK 64-Bit Server VM"/>
    <property name="java.vendor.version" value="18.9"/>
    <property name="localRepository" value="C:\Users\SERVER\.m2\repository"/>
    <property name="java.vendor.url.bug" value="http://bugreport.java.com/bugreport/"/>
    <property name="java.io.tmpdir" value="C:\Users\SERVER\AppData\Local\Temp\"/>
    <property name="java.version" value="11"/>
    <property name="user.dir" value="C:\Users\SERVER\eclipse-workspace\e2eProject"/>
    <property name="os.arch" value="amd64"/>
    <property name="java.vm.specification.name" value="Java Virtual Machine Specification"/>
    <property name="java.awt.printerjob" value="sun.awt.windows.WPrinterJob"/>
    <property name="sun.os.patch.level" value=""/>
    <property name="java.library.path" value="C:\OpenJDK_11\bin;C:\Windows\Sun\Java\bin;C:\Windows\system32;C:\Windows;C:\OpenJDK_11/bin;C:\OpenJDK_11/bin;C:\Windows\system32;C:\Windows;C:\Windows\System32\Wbem;C:\Windows\System32\WindowsPowerShell\v1.0\;C:\Windows\System32\OpenSSH\;C:\Python39;C:\Python39\Scripts;C:\Program Files\Microsoft SQL Server\Client SDK\ODBC\170\Tools\Binn\;C:\Program Files (x86)\Microsoft SQL Server\150\Tools\Binn\;C:\Program Files\Microsoft SQL Server\150\Tools\Binn\;C:\Program Files\Microsoft SQL Server\150\DTS\Binn\;C:\Program Files (x86)\Microsoft SQL Server\150\DTS\Binn\;C:\Program Files\Azure Data Studio\bin;C:\Program Files\PuTTY\;C:\apache-maven-3.8.1\bin\;C:\OpenJDK_11\bin;C:\Users\SERVER\AppData\Local\Microsoft\WindowsApps;C:\Users\SERVER\AppData\Local\atom\bin;C:\Program Files\sfdx\bin;C:\Users\SERVER\AppData\Local\Programs\Microsoft VS Code\bin;C:\Program Files\Azure Data Studio\bin;."/>
    <property name="java.vendor" value="Oracle Corporation"/>
    <property name="java.vm.info" value="mixed mode"/>
    <property name="java.vm.version" value="11+28"/>
    <property name="sun.io.unicode.encoding" value="UnicodeLittle"/>
    <property name="java.class.version" value="55.0"/>
  </properties>
  <testcase name="verifyTitle" classname="Academy.validateNavigationBar" time="18.297">
    <system-out><![CDATA[chrome
chrome
]]></system-out>
    <system-err><![CDATA[SLF4J: Failed to load class "org.slf4j.impl.StaticLoggerBinder".
SLF4J: Defaulting to no-operation (NOP) logger implementation
SLF4J: See http://www.slf4j.org/codes.html#StaticLoggerBinder for further details.
Starting ChromeDriver 90.0.4430.24 (4c6d850f087da467d926e8eddb76550aed655991-refs/branch-heads/4430@{#429}) on port 12870
Only local connections are allowed.
Please see https://chromedriver.chromium.org/security-considerations for suggestions on keeping ChromeDriver safe.
ChromeDriver was started successfully.
[1625819584.971][WARNING]: This version of ChromeDriver has not been tested with Chrome version 91.
Jul 09, 2021 2:03:05 PM org.openqa.selenium.remote.ProtocolHandshake createSession
INFO: Detected dialect: W3C
Jul 09, 2021 2:03:05 PM org.openqa.selenium.devtools.CdpVersionFinder findNearestMatch
INFO: Found exact CDP implementation for version 91
Starting ChromeDriver 90.0.4430.24 (4c6d850f087da467d926e8eddb76550aed655991-refs/branch-heads/4430@{#429}) on port 38515
Only local connections are allowed.
Please see https://chromedriver.chromium.org/security-considerations for suggestions on keeping ChromeDriver safe.
ChromeDriver was started successfully.
[1625819600.105][WARNING]: This version of ChromeDriver has not been tested with Chrome version 91.
Jul 09, 2021 2:03:20 PM org.openqa.selenium.remote.ProtocolHandshake createSession
INFO: Detected dialect: W3C
Jul 09, 2021 2:03:20 PM org.openqa.selenium.devtools.CdpVersionFinder findNearestMatch
INFO: Found exact CDP implementation for version 91
]]></system-err>
  </testcase>
  <testcase name="verifyTitle" classname="Academy.validateTitle" time="0.126">
    <system-out><![CDATA[chrome
FEATURED COURSES
]]></system-out>
    <system-err><![CDATA[Starting ChromeDriver 90.0.4430.24 (4c6d850f087da467d926e8eddb76550aed655991-refs/branch-heads/4430@{#429}) on port 33950
Only local connections are allowed.
Please see https://chromedriver.chromium.org/security-considerations for suggestions on keeping ChromeDriver safe.
ChromeDriver was started successfully.
[1625819619.366][WARNING]: This version of ChromeDriver has not been tested with Chrome version 91.
Jul 09, 2021 2:03:39 PM org.openqa.selenium.remote.ProtocolHandshake createSession
INFO: Detected dialect: W3C
Jul 09, 2021 2:03:39 PM org.openqa.selenium.devtools.CdpVersionFinder findNearestMatch
INFO: Found exact CDP implementation for version 91
]]></system-err>
  </testcase>
  <testcase name="basePageNavigation[validuser@gmail.com, validpass, Valid User](1)" classname="Academy.HomePage" time="15.323">
    <system-out><![CDATA[chrome
Valid User
]]></system-out>
    <system-err><![CDATA[Starting ChromeDriver 90.0.4430.24 (4c6d850f087da467d926e8eddb76550aed655991-refs/branch-heads/4430@{#429}) on port 33987
Only local connections are allowed.
Please see https://chromedriver.chromium.org/security-considerations for suggestions on keeping ChromeDriver safe.
ChromeDriver was started successfully.
[1625819637.269][WARNING]: This version of ChromeDriver has not been tested with Chrome version 91.
Jul 09, 2021 2:03:57 PM org.openqa.selenium.remote.ProtocolHandshake createSession
INFO: Detected dialect: W3C
Jul 09, 2021 2:03:57 PM org.openqa.selenium.devtools.CdpVersionFinder findNearestMatch
INFO: Found exact CDP implementation for version 91
]]></system-err>
  </testcase>
  <testcase name="basePageNavigation[invaliduser@gmail.com, invalidpass, InValid User](2)" classname="Academy.HomePage" time="9.333">
    <failure message="no such element: Unable to locate element: {&quot;method&quot;:&quot;xpath&quot;,&quot;selector&quot;:&quot;//button[text()=&apos;NO THANKS&apos;]&quot;}&#10;  (Session info: chrome=91.0.4472.124)&#10;For documentation on this error, please visit: https://selenium.dev/exceptions/#no_such_element&#10;Build info: version: &apos;4.0.0-beta-4&apos;, revision: &apos;29f46d02dd&apos;&#10;System info: host: &apos;DESKTOP-HDLVG1F&apos;, ip: &apos;192.168.153.1&apos;, os.name: &apos;Windows 10&apos;, os.arch: &apos;amd64&apos;, os.version: &apos;10.0&apos;, java.version: &apos;11&apos;&#10;Driver info: org.openqa.selenium.chrome.ChromeDriver&#10;Command: [47a0b9069f2d3864d13dd2f05d8ef077, findElement {using=xpath, value=//button[text()=&apos;NO THANKS&apos;]}]&#10;Capabilities {acceptInsecureCerts: false, browserName: chrome, browserVersion: 91.0.4472.124, chrome: {chromedriverVersion: 90.0.4430.24 (4c6d850f087da..., userDataDir: C:\Users\SERVER\AppData\Loc...}, goog:chromeOptions: {debuggerAddress: localhost:64631}, javascriptEnabled: true, networkConnectionEnabled: false, pageLoadStrategy: normal, platform: WINDOWS, platformName: WINDOWS, proxy: Proxy(), se:cdp: ws://localhost:64631/devtoo..., se:cdpVersion: 91.0.4472.124, setWindowRect: true, strictFileInteractability: false, timeouts: {implicit: 0, pageLoad: 300000, script: 30000}, unhandledPromptBehavior: dismiss and notify, webauthn:extension:largeBlob: true, webauthn:virtualAuthenticators: true}&#10;Session ID: 47a0b9069f2d3864d13dd2f05d8ef077" type="org.openqa.selenium.NoSuchElementException"><![CDATA[org.openqa.selenium.NoSuchElementException: 
no such element: Unable to locate element: {"method":"xpath","selector":"//button[text()='NO THANKS']"}
  (Session info: chrome=91.0.4472.124)
For documentation on this error, please visit: https://selenium.dev/exceptions/#no_such_element
Build info: version: '4.0.0-beta-4', revision: '29f46d02dd'
System info: host: 'DESKTOP-HDLVG1F', ip: '192.168.153.1', os.name: 'Windows 10', os.arch: 'amd64', os.version: '10.0', java.version: '11'
Driver info: org.openqa.selenium.chrome.ChromeDriver
Command: [47a0b9069f2d3864d13dd2f05d8ef077, findElement {using=xpath, value=//button[text()='NO THANKS']}]
Capabilities {acceptInsecureCerts: false, browserName: chrome, browserVersion: 91.0.4472.124, chrome: {chromedriverVersion: 90.0.4430.24 (4c6d850f087da..., userDataDir: C:\Users\SERVER\AppData\Loc...}, goog:chromeOptions: {debuggerAddress: localhost:64631}, javascriptEnabled: true, networkConnectionEnabled: false, pageLoadStrategy: normal, platform: WINDOWS, platformName: WINDOWS, proxy: Proxy(), se:cdp: ws://localhost:64631/devtoo..., se:cdpVersion: 91.0.4472.124, setWindowRect: true, strictFileInteractability: false, timeouts: {implicit: 0, pageLoad: 300000, script: 30000}, unhandledPromptBehavior: dismiss and notify, webauthn:extension:largeBlob: true, webauthn:virtualAuthenticators: true}
Session ID: 47a0b9069f2d3864d13dd2f05d8ef077
	at Academy.HomePage.basePageNavigation(HomePage.java:49)
]]></failure>
  </testcase>
</testsuite>