<?xml version="1.0" encoding="UTF-8"?>
<!-- Generated by org.testng.reporters.JUnitReportReporter -->
<testsuite hostname="DESKTOP-HDLVG1F" failures="0" tests="1" name="Academy.validateTitle" time="0.180" errors="0" timestamp="2021-07-15T20:48:13 IST" skipped="0">
  <testcase classname="Academy.validateTitle" name="verifyTitle" time="0.180"/>
  <system-out/>
</testsuite> <!-- Academy.validateTitle -->
