<?xml version="1.0" encoding="UTF-8"?>
<!-- Generated by org.testng.reporters.JUnitReportReporter -->
<testsuite hostname="DESKTOP-HDLVG1F" failures="0" tests="1" name="Academy.validateTitle" time="0.151" errors="0" timestamp="2021-07-09T14:04:22 IST" skipped="0">
  <testcase classname="Academy.validateTitle" name="verifyTitle" time="0.151"/>
  <system-out/>
</testsuite> <!-- Academy.validateTitle -->
