<?xml version="1.0" encoding="UTF-8"?>
<!-- Generated by org.testng.reporters.JUnitReportReporter -->
<testsuite hostname="DESKTOP-HDLVG1F" failures="0" tests="1" name="Academy.validateNavigationBar" time="18.311" errors="0" timestamp="2021-07-09T14:04:22 IST" skipped="0">
  <testcase classname="Academy.validateNavigationBar" name="verifyTitle" time="18.311"/>
  <system-out/>
</testsuite> <!-- Academy.validateNavigationBar -->
